#
# A fatal error has been detected by the Java Runtime Environment:
#
#  EXCEPTION_ACCESS_VIOLATION (0xc0000005) at pc=0x00007ffa0aab5f28, pid=2092, tid=10700
#
# JRE version: OpenJDK Runtime Environment Corretto-17.0.9.8.1 (17.0.9+8) (build 17.0.9+8-LTS)
# Java VM: OpenJDK 64-Bit Server VM Corretto-17.0.9.8.1 (17.0.9+8-LTS, mixed mode, sharing, tiered, compressed oops, compressed class ptrs, g1 gc, windows-amd64)
# Problematic frame:
# V  [jvm.dll+0x1b5f28]
#
# No core dump will be written. Minidumps are not enabled by default on client versions of Windows
#
# If you would like to submit a bug report, please visit:
#   https://github.com/corretto/corretto-17/issues/
#

---------------  S U M M A R Y ------------

Command Line: -javaagent:C:\Program Files\JetBrains\IntelliJ IDEA Community Edition 2023.2.5\lib\idea_rt.jar=61376:C:\Program Files\JetBrains\IntelliJ IDEA Community Edition 2023.2.5\bin -Dfile.encoding=UTF-8 stockService.stockservice.StockServiceApplication

Host: Intel(R) Core(TM) i5-2520M CPU @ 2.50GHz, 4 cores, 5G,  Windows 10 , 64 bit Build 19041 (10.0.19041.5198)
Time: Wed Feb  5 14:57:15 2025 Egypt Standard Time elapsed time: 18.444630 seconds (0d 0h 0m 18s)

---------------  T H R E A D  ---------------

Current thread (0x00000145f10a3b00):  JavaThread "C2 CompilerThread1" daemon [_thread_in_native, id=10700, stack(0x00000032a0f00000,0x00000032a1000000)]


Current CompileTask:
C2:  18456 6974       4       org.springframework.core.ResolvableType::forType (112 bytes)

Stack: [0x00000032a0f00000,0x00000032a1000000],  sp=0x00000032a0ffb3c0,  free space=1004k
Native frames: (J=compiled Java code, j=interpreted, Vv=VM code, C=native code)
V  [jvm.dll+0x1b5f28]
V  [jvm.dll+0x6a3d97]
V  [jvm.dll+0x6a27da]
V  [jvm.dll+0x21b1c0]
V  [jvm.dll+0x219511]
V  [jvm.dll+0x1a56cd]
V  [jvm.dll+0x2293ee]
V  [jvm.dll+0x2275bc]
V  [jvm.dll+0x7e95a7]
V  [jvm.dll+0x7e396a]
V  [jvm.dll+0x67ba35]
C  [ucrtbase.dll+0x21bb2]
C  [KERNEL32.DLL+0x17374]
C  [ntdll.dll+0x4cc91]


siginfo: EXCEPTION_ACCESS_VIOLATION (0xc0000005), reading address 0xffffffffffffffff


Registers:
RAX=0x00000145f222ec40, RBX=0x0000000000000001, RCX=0x04000145f222e730, RDX=0x00000145eb66d5b8
RSP=0x00000032a0ffb3c0, RBP=0x00000145f222ec00, RSI=0x00000032a0ffb6b0, RDI=0x0000000000000000
R8 =0x0000000000000008, R9 =0x0000000000000003, R10=0x0000000000000001, R11=0x0000000000000000
R12=0x0000000000000000, R13=0x00000032a0ffb6b0, R14=0x00000145f222ec78, R15=0x00000145eb83dca8
RIP=0x00007ffa0aab5f28, EFLAGS=0x0000000000010206


Register to memory mapping:

RIP=0x00007ffa0aab5f28 jvm.dll
RAX=0x00000145f222ec40 points into unknown readable memory: 0x00000145f222ec00 | 00 ec 22 f2 45 01 00 00
RBX=0x0000000000000001 is an unknown value
RCX=0x04000145f222e730 is an unknown value
RDX=0x00000145eb66d5b8 points into unknown readable memory: 0x00007ffa0b1a12d0 | d0 12 1a 0b fa 7f 00 00
RSP=0x00000032a0ffb3c0 is pointing into the stack for thread: 0x00000145f10a3b00
RBP=0x00000145f222ec00 points into unknown readable memory: 0x00007ffa0b217860 | 60 78 21 0b fa 7f 00 00
RSI=0x00000032a0ffb6b0 is pointing into the stack for thread: 0x00000145f10a3b00
RDI=0x0 is NULL
R8 =0x0000000000000008 is an unknown value
R9 =0x0000000000000003 is an unknown value
R10=0x0000000000000001 is an unknown value
R11=0x0 is NULL
R12=0x0 is NULL
R13=0x00000032a0ffb6b0 is pointing into the stack for thread: 0x00000145f10a3b00
R14=0x00000145f222ec78 points into unknown readable memory: 0x00007ffa0b217928 | 28 79 21 0b fa 7f 00 00
R15=0x00000145eb83dca8 points into unknown readable memory: 0x00007ffa0b22dae8 | e8 da 22 0b fa 7f 00 00


Top of Stack: (sp=0x00000032a0ffb3c0)
0x00000032a0ffb3c0:   00000145f24cd9d0 00007ffa0afa2b75
0x00000032a0ffb3d0:   000000000000276d 000000000000276d
0x00000032a0ffb3e0:   00000145f24cdaf8 00007ffa0af5a52a
0x00000032a0ffb3f0:   00000145eb83dca8 00000145eb83dca8
0x00000032a0ffb400:   00000145f222ec00 00000145eb83dca8
0x00000032a0ffb410:   0000000000000000 00007ffa0aab9d2a
0x00000032a0ffb420:   00000145f222ec78 00000032a0ffb6b0
0x00000032a0ffb430:   00000032a0ffb6b0 00000145f24cdab0
0x00000032a0ffb440:   0000000000001328 00000145ccef50c0
0x00000032a0ffb450:   0000000000000000 0000000000000000
0x00000032a0ffb460:   00000032a0ffb6b0 000000000000276e
0x00000032a0ffb470:   00000145f222ec78 00007ffa0afa3d97
0x00000032a0ffb480:   00000145f222ec78 00000032a0ffb6b0
0x00000032a0ffb490:   0000000000002701 00000032a0ffb6b0
0x00000032a0ffb4a0:   00000032a0ffb6b0 00007ffa0afa27da
0x00000032a0ffb4b0:   00000032a0ffe670 000000000000276e
0x00000032a0ffb4c0:   00000145f222ec78 00000145f138d270
0x00000032a0ffb4d0:   0000000000000050 00007ffa0b23fc10
0x00000032a0ffb4e0:   0000000000000020 00007ffa0ab1b1c0
0x00000032a0ffb4f0:   0000000000000000 00000145f2be3f20
0x00000032a0ffb500:   00000032a0ffe670 00000032a0ffb5f0
0x00000032a0ffb510:   00000145f2124400 00000145f2124630
0x00000032a0ffb520:   0000000000000000 0000000000000000
0x00000032a0ffb530:   0000000000000018 00007ffa0af5a100
0x00000032a0ffb540:   00000032a0ffe8e0 00007ffa0b23fc10
0x00000032a0ffb550:   0000000000000000 0000000000000000
0x00000032a0ffb560:   0000000000000000 00007ffa0b23fc10
0x00000032a0ffb570:   00000145eb83dc00 00007ffa0af58ac5
0x00000032a0ffb580:   00000145f21243f8 00000145f21243f8
0x00000032a0ffb590:   00000145f21243f8 00007ffa0af1eb43
0x00000032a0ffb5a0:   00000145eb83dca8 00007ffa0af1c49b
0x00000032a0ffb5b0:   00000145f21243f8 00000145f21243f8 

Instructions: (pc=0x00007ffa0aab5f28)
0x00007ffa0aab5e28:   08 4c 8b 00 41 8b 40 2c 24 3f 3c 20 74 3d 33 d2
0x00007ffa0aab5e38:   e8 73 44 49 00 48 85 c0 74 1b 4c 8b 47 08 33 c9
0x00007ffa0aab5e48:   38 8b b0 09 00 00 48 8b d0 48 0f 45 cb 4d 8b 00
0x00007ffa0aab5e58:   e8 b3 31 f0 ff 48 8b 43 10 48 8b 80 d8 02 00 00
0x00007ffa0aab5e68:   48 8b 5c 24 30 48 83 c4 20 5f c3 48 8b 5c 24 30
0x00007ffa0aab5e78:   33 c0 48 83 c4 20 5f c3 44 88 44 24 18 48 89 54
0x00007ffa0aab5e88:   24 10 48 89 4c 24 08 53 55 56 57 41 54 41 55 41
0x00007ffa0aab5e98:   56 41 57 48 83 ec 78 48 8b 41 08 4c 8b ea 45 0f
0x00007ffa0aab5ea8:   b6 d0 4c 8b f1 48 8b 00 48 89 44 24 40 44 8b 48
0x00007ffa0aab5eb8:   28 48 8b 42 50 48 8b 15 04 3b a0 00 4a 39 14 c8
0x00007ffa0aab5ec8:   0f 84 86 02 00 00 83 79 20 00 49 8b 45 10 4c 8b
0x00007ffa0aab5ed8:   b8 d8 02 00 00 4c 89 7c 24 48 75 09 45 84 c0 0f
0x00007ffa0aab5ee8:   85 67 02 00 00 44 8b 49 18 45 33 db bd 01 00 00
0x00007ffa0aab5ef8:   00 4c 89 5c 24 50 8b dd 45 8b e3 44 3b cb 0f 86
0x00007ffa0aab5f08:   95 00 00 00 48 8b 6c 24 40 8b c3 4c 8d 04 c5 00
0x00007ffa0aab5f18:   00 00 00 48 8b 45 08 49 8b 0c 00 48 85 c9 74 0d
0x00007ffa0aab5f28:   8b 49 28 49 8b 45 50 48 39 14 c8 75 58 49 8b 46
0x00007ffa0aab5f38:   08 4d 39 3c 00 74 4e 41 80 bd b0 09 00 00 00 49
0x00007ffa0aab5f48:   8b cb 49 0f 45 cd 45 84 d2 74 14 48 85 c9 74 0f
0x00007ffa0aab5f58:   48 81 c1 e0 09 00 00 48 8b d5 e8 19 dd ee ff 4d
0x00007ffa0aab5f68:   8b cd 4d 8b c7 8b d3 49 8b ce e8 b9 d0 4e 00 48
0x00007ffa0aab5f78:   8b 15 4a 3a a0 00 45 33 db 44 0f b6 94 24 d0 00
0x00007ffa0aab5f88:   00 00 4d 8b e6 45 8b 4e 18 ff c3 41 3b d9 0f 82
0x00007ffa0aab5f98:   75 ff ff ff bd 01 00 00 00 45 84 d2 74 0b 41 83
0x00007ffa0aab5fa8:   7e 20 00 0f 84 dd 00 00 00 40 32 f6 49 8b fb 48
0x00007ffa0aab5fb8:   c7 c3 ff ff ff ff 41 83 f9 01 76 71 49 8b 4e 08
0x00007ffa0aab5fc8:   45 8d 51 ff 48 8b 01 4c 8d 41 08 4c 8b 58 08 4c
0x00007ffa0aab5fd8:   2b d9 66 0f 1f 44 00 00 4b 8b 04 03 48 85 c0 74
0x00007ffa0aab5fe8:   34 4d 8b 4d 50 8b 40 28 49 39 14 c1 74 27 49 8b
0x00007ffa0aab5ff8:   08 48 85 c9 74 1f 49 3b ce 74 1a 8b 41 28 49 39
0x00007ffa0aab6008:   14 c1 74 11 48 85 ff 75 05 48 8b f9 eb 07 48 3b
0x00007ffa0aab6018:   f9 48 0f 45 fb 49 83 c0 08 49 83 ea 01 75 b9 48 


Stack slot to memory mapping:
stack at sp + 0 slots: 0x00000145f24cd9d0 points into unknown readable memory: 0x00007ffa0b217b90 | 90 7b 21 0b fa 7f 00 00
stack at sp + 1 slots: 0x00007ffa0afa2b75 jvm.dll
stack at sp + 2 slots: 0x000000000000276d is an unknown value
stack at sp + 3 slots: 0x000000000000276d is an unknown value
stack at sp + 4 slots: 0x00000145f24cdaf8 points into unknown readable memory: 0x00007ffa0b217e08 | 08 7e 21 0b fa 7f 00 00
stack at sp + 5 slots: 0x00007ffa0af5a52a jvm.dll
stack at sp + 6 slots: 0x00000145eb83dca8 points into unknown readable memory: 0x00007ffa0b22dae8 | e8 da 22 0b fa 7f 00 00
stack at sp + 7 slots: 0x00000145eb83dca8 points into unknown readable memory: 0x00007ffa0b22dae8 | e8 da 22 0b fa 7f 00 00


---------------  P R O C E S S  ---------------

Threads class SMR info:
_java_thread_list=0x00000145f477e980, length=32, elements={
0x00000145eb5f1ee0, 0x00000145eb5f2c70, 0x00000145eb6085c0, 0x00000145eb60a0a0,
0x00000145eb60f160, 0x00000145eb60fa30, 0x00000145eb6146f0, 0x00000145eb63ffa0,
0x00000145eb65a890, 0x00000145eb830c50, 0x00000145f02da010, 0x00000145eba911f0,
0x00000145f1fdc2a0, 0x00000145f1fdb880, 0x00000145f1fd9a20, 0x00000145f1fdae60,
0x00000145f1fdbd90, 0x00000145f10a3b00, 0x00000145f1fd9000, 0x00000145f1fd9f30,
0x00000145f1fd9510, 0x00000145f1fda440, 0x00000145f1fda950, 0x00000145f1fdb370,
0x00000145f269ec00, 0x00000145f26a0040, 0x00000145f269f110, 0x00000145f269f620,
0x00000145f269fb30, 0x00000145f269cda0, 0x00000145f269e1e0, 0x00000145f269d7c0
}

Java Threads: ( => current thread )
  0x00000145eb5f1ee0 JavaThread "Reference Handler" daemon [_thread_blocked, id=1396, stack(0x000000329ff00000,0x00000032a0000000)]
  0x00000145eb5f2c70 JavaThread "Finalizer" daemon [_thread_blocked, id=8248, stack(0x00000032a0000000,0x00000032a0100000)]
  0x00000145eb6085c0 JavaThread "Signal Dispatcher" daemon [_thread_blocked, id=3740, stack(0x00000032a0100000,0x00000032a0200000)]
  0x00000145eb60a0a0 JavaThread "Attach Listener" daemon [_thread_blocked, id=8172, stack(0x00000032a0200000,0x00000032a0300000)]
  0x00000145eb60f160 JavaThread "Service Thread" daemon [_thread_blocked, id=8996, stack(0x00000032a0300000,0x00000032a0400000)]
  0x00000145eb60fa30 JavaThread "Monitor Deflation Thread" daemon [_thread_blocked, id=5616, stack(0x00000032a0400000,0x00000032a0500000)]
  0x00000145eb6146f0 JavaThread "C2 CompilerThread0" daemon [_thread_in_native, id=10908, stack(0x00000032a0500000,0x00000032a0600000)]
  0x00000145eb63ffa0 JavaThread "C1 CompilerThread0" daemon [_thread_blocked, id=5412, stack(0x00000032a0600000,0x00000032a0700000)]
  0x00000145eb65a890 JavaThread "Sweeper thread" daemon [_thread_blocked, id=9276, stack(0x00000032a0700000,0x00000032a0800000)]
  0x00000145eb830c50 JavaThread "Common-Cleaner" daemon [_thread_blocked, id=396, stack(0x00000032a0800000,0x00000032a0900000)]
  0x00000145f02da010 JavaThread "Monitor Ctrl-Break" daemon [_thread_in_native, id=8560, stack(0x00000032a0a00000,0x00000032a0b00000)]
  0x00000145eba911f0 JavaThread "Notification Thread" daemon [_thread_blocked, id=10380, stack(0x00000032a0b00000,0x00000032a0c00000)]
  0x00000145f1fdc2a0 JavaThread "Catalina-utility-1" [_thread_blocked, id=4528, stack(0x00000032a1000000,0x00000032a1100000)]
  0x00000145f1fdb880 JavaThread "Catalina-utility-2" [_thread_blocked, id=8764, stack(0x00000032a1100000,0x00000032a1200000)]
  0x00000145f1fd9a20 JavaThread "container-0" [_thread_blocked, id=6628, stack(0x00000032a1200000,0x00000032a1300000)]
  0x00000145f1fdae60 JavaThread "mysql-cj-abandoned-connection-cleanup" daemon [_thread_blocked, id=7464, stack(0x00000032a1300000,0x00000032a1400000)]
  0x00000145f1fdbd90 JavaThread "HikariPool-1 housekeeper" daemon [_thread_blocked, id=8668, stack(0x00000032a1500000,0x00000032a1600000)]
=>0x00000145f10a3b00 JavaThread "C2 CompilerThread1" daemon [_thread_in_native, id=10700, stack(0x00000032a0f00000,0x00000032a1000000)]
  0x00000145f1fd9000 JavaThread "http-nio-8080-exec-1" daemon [_thread_blocked, id=1644, stack(0x00000032a1600000,0x00000032a1700000)]
  0x00000145f1fd9f30 JavaThread "http-nio-8080-exec-2" daemon [_thread_blocked, id=12208, stack(0x00000032a1700000,0x00000032a1800000)]
  0x00000145f1fd9510 JavaThread "http-nio-8080-exec-3" daemon [_thread_blocked, id=3092, stack(0x00000032a1800000,0x00000032a1900000)]
  0x00000145f1fda440 JavaThread "http-nio-8080-exec-4" daemon [_thread_blocked, id=10452, stack(0x00000032a1900000,0x00000032a1a00000)]
  0x00000145f1fda950 JavaThread "http-nio-8080-exec-5" daemon [_thread_blocked, id=9804, stack(0x00000032a1a00000,0x00000032a1b00000)]
  0x00000145f1fdb370 JavaThread "http-nio-8080-exec-6" daemon [_thread_blocked, id=1156, stack(0x00000032a1b00000,0x00000032a1c00000)]
  0x00000145f269ec00 JavaThread "http-nio-8080-exec-7" daemon [_thread_blocked, id=9972, stack(0x00000032a1c00000,0x00000032a1d00000)]
  0x00000145f26a0040 JavaThread "http-nio-8080-exec-8" daemon [_thread_blocked, id=7468, stack(0x00000032a1d00000,0x00000032a1e00000)]
  0x00000145f269f110 JavaThread "http-nio-8080-exec-9" daemon [_thread_blocked, id=3432, stack(0x00000032a1e00000,0x00000032a1f00000)]
  0x00000145f269f620 JavaThread "http-nio-8080-exec-10" daemon [_thread_blocked, id=8592, stack(0x00000032a1f00000,0x00000032a2000000)]
  0x00000145f269fb30 JavaThread "http-nio-8080-Poller" daemon [_thread_in_native, id=3008, stack(0x00000032a2000000,0x00000032a2100000)]
  0x00000145f269cda0 JavaThread "http-nio-8080-Acceptor" daemon [_thread_in_native, id=7144, stack(0x00000032a2100000,0x00000032a2200000)]
  0x00000145f269e1e0 JavaThread "scheduling-1" [_thread_blocked, id=8012, stack(0x00000032a2200000,0x00000032a2300000)]
  0x00000145f269d7c0 JavaThread "DestroyJavaVM" [_thread_blocked, id=176, stack(0x000000329f800000,0x000000329f900000)]

Other Threads:
  0x00000145eb5eec30 VMThread "VM Thread" [stack: 0x000000329fe00000,0x000000329ff00000] [id=10032]
  0x00000145f02da900 WatcherThread [stack: 0x00000032a0c00000,0x00000032a0d00000] [id=5268]
  0x00000145ccf284b0 GCTaskThread "GC Thread#0" [stack: 0x000000329f900000,0x000000329fa00000] [id=11560]
  0x00000145f03e5ff0 GCTaskThread "GC Thread#1" [stack: 0x00000032a0900000,0x00000032a0a00000] [id=3448]
  0x00000145f03e70c0 GCTaskThread "GC Thread#2" [stack: 0x00000032a0d00000,0x00000032a0e00000] [id=1800]
  0x00000145f03a6600 GCTaskThread "GC Thread#3" [stack: 0x00000032a0e00000,0x00000032a0f00000] [id=10916]
  0x00000145ccf36120 ConcurrentGCThread "G1 Main Marker" [stack: 0x000000329fa00000,0x000000329fb00000] [id=11056]
  0x00000145ccf36a50 ConcurrentGCThread "G1 Conc#0" [stack: 0x000000329fb00000,0x000000329fc00000] [id=688]
  0x00000145ccf87950 ConcurrentGCThread "G1 Refine#0" [stack: 0x000000329fc00000,0x000000329fd00000] [id=2656]
  0x00000145ccf88290 ConcurrentGCThread "G1 Service" [stack: 0x000000329fd00000,0x000000329fe00000] [id=9876]

Threads with active compile tasks:
C2 CompilerThread0    18560 6737       4       org.springframework.core.SimpleAliasRegistry::canonicalName (28 bytes)
C2 CompilerThread1    18561 6974       4       org.springframework.core.ResolvableType::forType (112 bytes)

VM state: not at safepoint (normal execution)

VM Mutex/Monitor currently owned by a thread: None

Heap address: 0x00000000a1000000, size: 1520 MB, Compressed Oops mode: 32-bit

CDS archive(s) mapped at: [0x0000014580000000-0x0000014580ba0000-0x0000014580ba0000), size 12189696, SharedBaseAddress: 0x0000014580000000, ArchiveRelocationMode: 1.
Compressed class space mapped at: 0x0000014581000000-0x00000145c1000000, reserved size: 1073741824
Narrow klass base: 0x0000014580000000, Narrow klass shift: 0, Narrow klass range: 0x100000000

GC Precious Log:
 CPUs: 4 total, 4 available
 Memory: 6078M
 Large Page Support: Disabled
 NUMA Support: Disabled
 Compressed Oops: Enabled (32-bit)
 Heap Region Size: 1M
 Heap Min Capacity: 8M
 Heap Initial Capacity: 96M
 Heap Max Capacity: 1520M
 Pre-touch: Disabled
 Parallel Workers: 4
 Concurrent Workers: 1
 Concurrent Refinement Workers: 4
 Periodic GC: Disabled

Heap:
 garbage-first heap   total 102400K, used 42890K [0x00000000a1000000, 0x0000000100000000)
  region size 1024K, 12 young (12288K), 6 survivors (6144K)
 Metaspace       used 74923K, committed 75520K, reserved 1114112K
  class space    used 10587K, committed 10880K, reserved 1048576K

Heap Regions: E=young(eden), S=young(survivor), O=old, HS=humongous(starts), HC=humongous(continues), CS=collection set, F=free, OA=open archive, CA=closed archive, TAMS=top-at-mark-start (previous, next)
|   0|0x00000000a1000000, 0x00000000a1100000, 0x00000000a1100000|100%|HS|  |TAMS 0x00000000a1100000, 0x00000000a1000000| Complete 
|   1|0x00000000a1100000, 0x00000000a1200000, 0x00000000a1200000|100%|HS|  |TAMS 0x00000000a1200000, 0x00000000a1100000| Complete 
|   2|0x00000000a1200000, 0x00000000a1300000, 0x00000000a1300000|100%| O|  |TAMS 0x00000000a1300000, 0x00000000a1200000| Untracked 
|   3|0x00000000a1300000, 0x00000000a1400000, 0x00000000a1400000|100%| O|  |TAMS 0x00000000a1400000, 0x00000000a1300000| Untracked 
|   4|0x00000000a1400000, 0x00000000a1500000, 0x00000000a1500000|100%| O|  |TAMS 0x00000000a1500000, 0x00000000a1400000| Untracked 
|   5|0x00000000a1500000, 0x00000000a1600000, 0x00000000a1600000|100%| O|  |TAMS 0x00000000a1600000, 0x00000000a1500000| Untracked 
|   6|0x00000000a1600000, 0x00000000a1700000, 0x00000000a1700000|100%| O|  |TAMS 0x00000000a1700000, 0x00000000a1600000| Untracked 
|   7|0x00000000a1700000, 0x00000000a1800000, 0x00000000a1800000|100%| O|  |TAMS 0x00000000a1800000, 0x00000000a1700000| Untracked 
|   8|0x00000000a1800000, 0x00000000a1900000, 0x00000000a1900000|100%| O|  |TAMS 0x00000000a1900000, 0x00000000a1800000| Untracked 
|   9|0x00000000a1900000, 0x00000000a1a00000, 0x00000000a1a00000|100%| O|  |TAMS 0x00000000a1a00000, 0x00000000a1900000| Untracked 
|  10|0x00000000a1a00000, 0x00000000a1b00000, 0x00000000a1b00000|100%| O|  |TAMS 0x00000000a1b00000, 0x00000000a1a00000| Untracked 
|  11|0x00000000a1b00000, 0x00000000a1c00000, 0x00000000a1c00000|100%| O|  |TAMS 0x00000000a1c00000, 0x00000000a1b00000| Untracked 
|  12|0x00000000a1c00000, 0x00000000a1d00000, 0x00000000a1d00000|100%| O|  |TAMS 0x00000000a1d00000, 0x00000000a1c00000| Untracked 
|  13|0x00000000a1d00000, 0x00000000a1e00000, 0x00000000a1e00000|100%| O|  |TAMS 0x00000000a1e00000, 0x00000000a1d00000| Untracked 
|  14|0x00000000a1e00000, 0x00000000a1f00000, 0x00000000a1f00000|100%| O|  |TAMS 0x00000000a1f00000, 0x00000000a1e00000| Untracked 
|  15|0x00000000a1f00000, 0x00000000a2000000, 0x00000000a2000000|100%| O|  |TAMS 0x00000000a2000000, 0x00000000a1f00000| Untracked 
|  16|0x00000000a2000000, 0x00000000a2100000, 0x00000000a2100000|100%| O|  |TAMS 0x00000000a2100000, 0x00000000a2000000| Untracked 
|  17|0x00000000a2100000, 0x00000000a2200000, 0x00000000a2200000|100%| O|  |TAMS 0x00000000a2200000, 0x00000000a2100000| Untracked 
|  18|0x00000000a2200000, 0x00000000a2300000, 0x00000000a2300000|100%| O|  |TAMS 0x00000000a2300000, 0x00000000a2200000| Untracked 
|  19|0x00000000a2300000, 0x00000000a2400000, 0x00000000a2400000|100%| O|  |TAMS 0x00000000a2400000, 0x00000000a2300000| Untracked 
|  20|0x00000000a2400000, 0x00000000a2500000, 0x00000000a2500000|100%| O|  |TAMS 0x00000000a2500000, 0x00000000a2400000| Untracked 
|  21|0x00000000a2500000, 0x00000000a2600000, 0x00000000a2600000|100%| O|  |TAMS 0x00000000a2600000, 0x00000000a2500000| Untracked 
|  22|0x00000000a2600000, 0x00000000a2700000, 0x00000000a2700000|100%| O|  |TAMS 0x00000000a2700000, 0x00000000a2600000| Untracked 
|  23|0x00000000a2700000, 0x00000000a27e4000, 0x00000000a2800000| 89%| O|  |TAMS 0x00000000a27e4000, 0x00000000a2700000| Untracked 
|  24|0x00000000a2800000, 0x00000000a2900000, 0x00000000a2900000|100%| O|  |TAMS 0x00000000a2800000, 0x00000000a2800000| Untracked 
|  25|0x00000000a2900000, 0x00000000a2a00000, 0x00000000a2a00000|100%| O|  |TAMS 0x00000000a2900000, 0x00000000a2900000| Untracked 
|  26|0x00000000a2a00000, 0x00000000a2b00000, 0x00000000a2b00000|100%| O|  |TAMS 0x00000000a2a00000, 0x00000000a2a00000| Untracked 
|  27|0x00000000a2b00000, 0x00000000a2c00000, 0x00000000a2c00000|100%| O|  |TAMS 0x00000000a2b00000, 0x00000000a2b00000| Untracked 
|  28|0x00000000a2c00000, 0x00000000a2d00000, 0x00000000a2d00000|100%| O|  |TAMS 0x00000000a2c00000, 0x00000000a2c00000| Untracked 
|  29|0x00000000a2d00000, 0x00000000a2e00000, 0x00000000a2e00000|100%| O|  |TAMS 0x00000000a2d00000, 0x00000000a2d00000| Untracked 
|  30|0x00000000a2e00000, 0x00000000a2f00000, 0x00000000a2f00000|100%| O|  |TAMS 0x00000000a2e00000, 0x00000000a2e00000| Untracked 
|  31|0x00000000a2f00000, 0x00000000a2ffea00, 0x00000000a3000000| 99%| O|  |TAMS 0x00000000a2f00000, 0x00000000a2f00000| Untracked 
|  32|0x00000000a3000000, 0x00000000a3000000, 0x00000000a3100000|  0%| F|  |TAMS 0x00000000a3000000, 0x00000000a3000000| Untracked 
|  33|0x00000000a3100000, 0x00000000a3100000, 0x00000000a3200000|  0%| F|  |TAMS 0x00000000a3100000, 0x00000000a3100000| Untracked 
|  34|0x00000000a3200000, 0x00000000a3200000, 0x00000000a3300000|  0%| F|  |TAMS 0x00000000a3200000, 0x00000000a3200000| Untracked 
|  35|0x00000000a3300000, 0x00000000a3300000, 0x00000000a3400000|  0%| F|  |TAMS 0x00000000a3300000, 0x00000000a3300000| Untracked 
|  36|0x00000000a3400000, 0x00000000a3400000, 0x00000000a3500000|  0%| F|  |TAMS 0x00000000a3400000, 0x00000000a3400000| Untracked 
|  37|0x00000000a3500000, 0x00000000a3500000, 0x00000000a3600000|  0%| F|  |TAMS 0x00000000a3500000, 0x00000000a3500000| Untracked 
|  38|0x00000000a3600000, 0x00000000a3600000, 0x00000000a3700000|  0%| F|  |TAMS 0x00000000a3600000, 0x00000000a3600000| Untracked 
|  39|0x00000000a3700000, 0x00000000a3700000, 0x00000000a3800000|  0%| F|  |TAMS 0x00000000a3700000, 0x00000000a3700000| Untracked 
|  40|0x00000000a3800000, 0x00000000a3800000, 0x00000000a3900000|  0%| F|  |TAMS 0x00000000a3800000, 0x00000000a3800000| Untracked 
|  41|0x00000000a3900000, 0x00000000a3900000, 0x00000000a3a00000|  0%| F|  |TAMS 0x00000000a3900000, 0x00000000a3900000| Untracked 
|  42|0x00000000a3a00000, 0x00000000a3a00000, 0x00000000a3b00000|  0%| F|  |TAMS 0x00000000a3a00000, 0x00000000a3a00000| Untracked 
|  43|0x00000000a3b00000, 0x00000000a3b00000, 0x00000000a3c00000|  0%| F|  |TAMS 0x00000000a3b00000, 0x00000000a3b00000| Untracked 
|  44|0x00000000a3c00000, 0x00000000a3c00000, 0x00000000a3d00000|  0%| F|  |TAMS 0x00000000a3c00000, 0x00000000a3c00000| Untracked 
|  45|0x00000000a3d00000, 0x00000000a3d00000, 0x00000000a3e00000|  0%| F|  |TAMS 0x00000000a3d00000, 0x00000000a3d00000| Untracked 
|  46|0x00000000a3e00000, 0x00000000a3f00000, 0x00000000a3f00000|100%| S|CS|TAMS 0x00000000a3e00000, 0x00000000a3e00000| Complete 
|  47|0x00000000a3f00000, 0x00000000a4000000, 0x00000000a4000000|100%| S|CS|TAMS 0x00000000a3f00000, 0x00000000a3f00000| Complete 
|  48|0x00000000a4000000, 0x00000000a4100000, 0x00000000a4100000|100%| S|CS|TAMS 0x00000000a4000000, 0x00000000a4000000| Complete 
|  49|0x00000000a4100000, 0x00000000a4200000, 0x00000000a4200000|100%| S|CS|TAMS 0x00000000a4100000, 0x00000000a4100000| Complete 
|  50|0x00000000a4200000, 0x00000000a4300000, 0x00000000a4300000|100%| S|CS|TAMS 0x00000000a4200000, 0x00000000a4200000| Complete 
|  51|0x00000000a4300000, 0x00000000a4300000, 0x00000000a4400000|  0%| F|  |TAMS 0x00000000a4300000, 0x00000000a4300000| Untracked 
|  52|0x00000000a4400000, 0x00000000a4400000, 0x00000000a4500000|  0%| F|  |TAMS 0x00000000a4400000, 0x00000000a4400000| Untracked 
|  53|0x00000000a4500000, 0x00000000a4500000, 0x00000000a4600000|  0%| F|  |TAMS 0x00000000a4500000, 0x00000000a4500000| Untracked 
|  54|0x00000000a4600000, 0x00000000a4700000, 0x00000000a4700000|100%| S|CS|TAMS 0x00000000a4600000, 0x00000000a4600000| Complete 
|  55|0x00000000a4700000, 0x00000000a4700000, 0x00000000a4800000|  0%| F|  |TAMS 0x00000000a4700000, 0x00000000a4700000| Untracked 
|  56|0x00000000a4800000, 0x00000000a4800000, 0x00000000a4900000|  0%| F|  |TAMS 0x00000000a4800000, 0x00000000a4800000| Untracked 
|  57|0x00000000a4900000, 0x00000000a4900000, 0x00000000a4a00000|  0%| F|  |TAMS 0x00000000a4900000, 0x00000000a4900000| Untracked 
|  58|0x00000000a4a00000, 0x00000000a4a00000, 0x00000000a4b00000|  0%| F|  |TAMS 0x00000000a4a00000, 0x00000000a4a00000| Untracked 
|  59|0x00000000a4b00000, 0x00000000a4b00000, 0x00000000a4c00000|  0%| F|  |TAMS 0x00000000a4b00000, 0x00000000a4b00000| Untracked 
|  60|0x00000000a4c00000, 0x00000000a4c00000, 0x00000000a4d00000|  0%| F|  |TAMS 0x00000000a4c00000, 0x00000000a4c00000| Untracked 
|  61|0x00000000a4d00000, 0x00000000a4d00000, 0x00000000a4e00000|  0%| F|  |TAMS 0x00000000a4d00000, 0x00000000a4d00000| Untracked 
|  62|0x00000000a4e00000, 0x00000000a4e00000, 0x00000000a4f00000|  0%| F|  |TAMS 0x00000000a4e00000, 0x00000000a4e00000| Untracked 
|  63|0x00000000a4f00000, 0x00000000a4f00000, 0x00000000a5000000|  0%| F|  |TAMS 0x00000000a4f00000, 0x00000000a4f00000| Untracked 
|  64|0x00000000a5000000, 0x00000000a5000000, 0x00000000a5100000|  0%| F|  |TAMS 0x00000000a5000000, 0x00000000a5000000| Untracked 
|  65|0x00000000a5100000, 0x00000000a5100000, 0x00000000a5200000|  0%| F|  |TAMS 0x00000000a5100000, 0x00000000a5100000| Untracked 
|  66|0x00000000a5200000, 0x00000000a5200000, 0x00000000a5300000|  0%| F|  |TAMS 0x00000000a5200000, 0x00000000a5200000| Untracked 
|  67|0x00000000a5300000, 0x00000000a5300000, 0x00000000a5400000|  0%| F|  |TAMS 0x00000000a5300000, 0x00000000a5300000| Untracked 
|  68|0x00000000a5400000, 0x00000000a5400000, 0x00000000a5500000|  0%| F|  |TAMS 0x00000000a5400000, 0x00000000a5400000| Untracked 
|  69|0x00000000a5500000, 0x00000000a5500000, 0x00000000a5600000|  0%| F|  |TAMS 0x00000000a5500000, 0x00000000a5500000| Untracked 
|  70|0x00000000a5600000, 0x00000000a5600000, 0x00000000a5700000|  0%| F|  |TAMS 0x00000000a5600000, 0x00000000a5600000| Untracked 
|  71|0x00000000a5700000, 0x00000000a5700000, 0x00000000a5800000|  0%| F|  |TAMS 0x00000000a5700000, 0x00000000a5700000| Untracked 
|  72|0x00000000a5800000, 0x00000000a5800000, 0x00000000a5900000|  0%| F|  |TAMS 0x00000000a5800000, 0x00000000a5800000| Untracked 
|  73|0x00000000a5900000, 0x00000000a5900000, 0x00000000a5a00000|  0%| F|  |TAMS 0x00000000a5900000, 0x00000000a5900000| Untracked 
|  74|0x00000000a5a00000, 0x00000000a5a00000, 0x00000000a5b00000|  0%| F|  |TAMS 0x00000000a5a00000, 0x00000000a5a00000| Untracked 
|  75|0x00000000a5b00000, 0x00000000a5b00000, 0x00000000a5c00000|  0%| F|  |TAMS 0x00000000a5b00000, 0x00000000a5b00000| Untracked 
|  76|0x00000000a5c00000, 0x00000000a5c00000, 0x00000000a5d00000|  0%| F|  |TAMS 0x00000000a5c00000, 0x00000000a5c00000| Untracked 
|  77|0x00000000a5d00000, 0x00000000a5d00000, 0x00000000a5e00000|  0%| F|  |TAMS 0x00000000a5d00000, 0x00000000a5d00000| Untracked 
|  78|0x00000000a5e00000, 0x00000000a5e00000, 0x00000000a5f00000|  0%| F|  |TAMS 0x00000000a5e00000, 0x00000000a5e00000| Untracked 
|  79|0x00000000a5f00000, 0x00000000a5f00000, 0x00000000a6000000|  0%| F|  |TAMS 0x00000000a5f00000, 0x00000000a5f00000| Untracked 
|  80|0x00000000a6000000, 0x00000000a6000000, 0x00000000a6100000|  0%| F|  |TAMS 0x00000000a6000000, 0x00000000a6000000| Untracked 
|  81|0x00000000a6100000, 0x00000000a6100000, 0x00000000a6200000|  0%| F|  |TAMS 0x00000000a6100000, 0x00000000a6100000| Untracked 
|  82|0x00000000a6200000, 0x00000000a6200000, 0x00000000a6300000|  0%| F|  |TAMS 0x00000000a6200000, 0x00000000a6200000| Untracked 
|  83|0x00000000a6300000, 0x00000000a6300000, 0x00000000a6400000|  0%| F|  |TAMS 0x00000000a6300000, 0x00000000a6300000| Untracked 
|  84|0x00000000a6400000, 0x00000000a6400000, 0x00000000a6500000|  0%| F|  |TAMS 0x00000000a6400000, 0x00000000a6400000| Untracked 
|  85|0x00000000a6500000, 0x00000000a6500000, 0x00000000a6600000|  0%| F|  |TAMS 0x00000000a6500000, 0x00000000a6500000| Untracked 
|  86|0x00000000a6600000, 0x00000000a6600000, 0x00000000a6700000|  0%| F|  |TAMS 0x00000000a6600000, 0x00000000a6600000| Untracked 
|  87|0x00000000a6700000, 0x00000000a6700000, 0x00000000a6800000|  0%| F|  |TAMS 0x00000000a6700000, 0x00000000a6700000| Untracked 
|  88|0x00000000a6800000, 0x00000000a6800000, 0x00000000a6900000|  0%| F|  |TAMS 0x00000000a6800000, 0x00000000a6800000| Untracked 
|  89|0x00000000a6900000, 0x00000000a6900000, 0x00000000a6a00000|  0%| F|  |TAMS 0x00000000a6900000, 0x00000000a6900000| Untracked 
|  90|0x00000000a6a00000, 0x00000000a6a00000, 0x00000000a6b00000|  0%| F|  |TAMS 0x00000000a6a00000, 0x00000000a6a00000| Untracked 
|  91|0x00000000a6b00000, 0x00000000a6b00000, 0x00000000a6c00000|  0%| F|  |TAMS 0x00000000a6b00000, 0x00000000a6b00000| Untracked 
|  92|0x00000000a6c00000, 0x00000000a6c00000, 0x00000000a6d00000|  0%| F|  |TAMS 0x00000000a6c00000, 0x00000000a6c00000| Untracked 
|  93|0x00000000a6d00000, 0x00000000a6d00000, 0x00000000a6e00000|  0%| F|  |TAMS 0x00000000a6d00000, 0x00000000a6d00000| Untracked 
|  94|0x00000000a6e00000, 0x00000000a6e55530, 0x00000000a6f00000| 33%| E|  |TAMS 0x00000000a6e00000, 0x00000000a6e00000| Complete 
|  95|0x00000000a6f00000, 0x00000000a7000000, 0x00000000a7000000|100%| E|CS|TAMS 0x00000000a6f00000, 0x00000000a6f00000| Complete 
|  96|0x00000000a7000000, 0x00000000a7100000, 0x00000000a7100000|100%| E|CS|TAMS 0x00000000a7000000, 0x00000000a7000000| Complete 
|  97|0x00000000a7100000, 0x00000000a7200000, 0x00000000a7200000|100%| E|CS|TAMS 0x00000000a7100000, 0x00000000a7100000| Complete 
|  99|0x00000000a7300000, 0x00000000a7400000, 0x00000000a7400000|100%| E|  |TAMS 0x00000000a7300000, 0x00000000a7300000| Complete 
| 100|0x00000000a7400000, 0x00000000a7500000, 0x00000000a7500000|100%| E|CS|TAMS 0x00000000a7400000, 0x00000000a7400000| Complete 

Card table byte_map: [0x00000145e5ae0000,0x00000145e5de0000] _byte_map_base: 0x00000145e55d8000

Marking Bits (Prev, Next): (CMBitMap*) 0x00000145ccf299f0, (CMBitMap*) 0x00000145ccf29a30
 Prev Bits: [0x00000145e60e0000, 0x00000145e78a0000)
 Next Bits: [0x00000145e78a0000, 0x00000145e9060000)

Polling page: 0x00000145ccd00000

Metaspace:

Usage:
  Non-class:     62.83 MB used.
      Class:     10.34 MB used.
       Both:     73.17 MB used.

Virtual space:
  Non-class space:       64.00 MB reserved,      63.12 MB ( 99%) committed,  1 nodes.
      Class space:        1.00 GB reserved,      10.62 MB (  1%) committed,  1 nodes.
             Both:        1.06 GB reserved,      73.75 MB (  7%) committed. 

Chunk freelists:
   Non-Class:  912.00 KB
       Class:  5.38 MB
        Both:  6.27 MB

MaxMetaspaceSize: unlimited
CompressedClassSpaceSize: 1.00 GB
Initial GC threshold: 21.00 MB
Current GC threshold: 109.06 MB
CDS: on
MetaspaceReclaimPolicy: balanced
 - commit_granule_bytes: 65536.
 - commit_granule_words: 8192.
 - virtual_space_node_default_size: 8388608.
 - enlarge_chunks_in_place: 1.
 - new_chunks_are_fully_committed: 0.
 - uncommit_free_chunks: 1.
 - use_allocation_guard: 0.
 - handle_deallocations: 1.


Internal statistics:

num_allocs_failed_limit: 12.
num_arena_births: 896.
num_arena_deaths: 0.
num_vsnodes_births: 2.
num_vsnodes_deaths: 0.
num_space_committed: 1180.
num_space_uncommitted: 0.
num_chunks_returned_to_freelist: 12.
num_chunks_taken_from_freelist: 3610.
num_chunk_merges: 12.
num_chunk_splits: 2677.
num_chunks_enlarged: 2146.
num_inconsistent_stats: 0.

CodeHeap 'non-profiled nmethods': size=120000Kb used=4038Kb max_used=4038Kb free=115962Kb
 bounds [0x00000145ddc90000, 0x00000145de090000, 0x00000145e51c0000]
CodeHeap 'profiled nmethods': size=120000Kb used=11981Kb max_used=11984Kb free=108018Kb
 bounds [0x00000145d61c0000, 0x00000145d6d80000, 0x00000145dd6f0000]
CodeHeap 'non-nmethods': size=5760Kb used=1344Kb max_used=1409Kb free=4415Kb
 bounds [0x00000145dd6f0000, 0x00000145dd960000, 0x00000145ddc90000]
 total_blobs=6918 nmethods=6239 adapters=591
 compilation: enabled
              stopped_count=0, restarted_count=0
 full_count=0

Compilation events (20 events):
Event: 18.327 Thread 0x00000145eb63ffa0 7024       2       org.hibernate.metamodel.mapping.AttributeMapping::findContainingEntityMapping (12 bytes)
Event: 18.327 Thread 0x00000145eb63ffa0 nmethod 7024 0x00000145d6d6fe10 code [0x00000145d6d6ffc0, 0x00000145d6d70118]
Event: 18.334 Thread 0x00000145eb63ffa0 7025       2       org.hibernate.sql.ast.tree.expression.ColumnReference::getExpressionType (5 bytes)
Event: 18.334 Thread 0x00000145eb63ffa0 nmethod 7025 0x00000145d6d70210 code [0x00000145d6d703a0, 0x00000145d6d704b8]
Event: 18.357 Thread 0x00000145eb63ffa0 7026       3       java.util.StringTokenizer::scanToken (179 bytes)
Event: 18.359 Thread 0x00000145eb63ffa0 nmethod 7026 0x00000145d6d70590 code [0x00000145d6d70900, 0x00000145d6d71fd8]
Event: 18.360 Thread 0x00000145eb63ffa0 7027       1       com.mysql.cj.util.StringInspector::getPosition (5 bytes)
Event: 18.360 Thread 0x00000145eb63ffa0 nmethod 7027 0x00000145dde62a10 code [0x00000145dde62ba0, 0x00000145dde62c78]
Event: 18.360 Thread 0x00000145eb63ffa0 7028       2       com.mysql.cj.util.StringInspector::incrementPosition (77 bytes)
Event: 18.361 Thread 0x00000145eb63ffa0 nmethod 7028 0x00000145d6d72810 code [0x00000145d6d729e0, 0x00000145d6d72ca8]
Event: 18.361 Thread 0x00000145eb63ffa0 7029       2       com.mysql.cj.util.StringInspector::indexOfNextChar (9 bytes)
Event: 18.361 Thread 0x00000145eb63ffa0 nmethod 7029 0x00000145d6d72e90 code [0x00000145d6d73020, 0x00000145d6d73148]
Event: 18.361 Thread 0x00000145eb63ffa0 7030       2       com.mysql.cj.util.StringInspector::incrementPosition (9 bytes)
Event: 18.362 Thread 0x00000145eb63ffa0 nmethod 7030 0x00000145d6d73210 code [0x00000145d6d733a0, 0x00000145d6d734c8]
Event: 18.363 Thread 0x00000145eb63ffa0 7031       2       com.mysql.cj.telemetry.TelemetrySpan::setAttribute (1 bytes)
Event: 18.363 Thread 0x00000145eb63ffa0 nmethod 7031 0x00000145d6d73590 code [0x00000145d6d73720, 0x00000145d6d73818]
Event: 18.363 Thread 0x00000145eb63ffa0 7032       2       jdk.internal.misc.Unsafe::weakCompareAndSetLong (11 bytes)
Event: 18.363 Thread 0x00000145eb63ffa0 nmethod 7032 0x00000145d6d73890 code [0x00000145d6d73a20, 0x00000145d6d73b38]
Event: 18.364 Thread 0x00000145eb63ffa0 7033       2       jdk.internal.misc.Unsafe::getAndAddLong (27 bytes)
Event: 18.365 Thread 0x00000145eb63ffa0 nmethod 7033 0x00000145d6d73c10 code [0x00000145d6d73dc0, 0x00000145d6d73fc8]

GC Heap History (20 events):
Event: 9.185 GC heap before
{Heap before GC invocations=8 (full 0):
 garbage-first heap   total 58368K, used 42214K [0x00000000a1000000, 0x0000000100000000)
  region size 1024K, 24 young (24576K), 3 survivors (3072K)
 Metaspace       used 32432K, committed 32768K, reserved 1114112K
  class space    used 4256K, committed 4416K, reserved 1048576K
}
Event: 9.191 GC heap after
{Heap after GC invocations=9 (full 0):
 garbage-first heap   total 58368K, used 21316K [0x00000000a1000000, 0x0000000100000000)
  region size 1024K, 2 young (2048K), 2 survivors (2048K)
 Metaspace       used 32432K, committed 32768K, reserved 1114112K
  class space    used 4256K, committed 4416K, reserved 1048576K
}
Event: 9.918 GC heap before
{Heap before GC invocations=9 (full 0):
 garbage-first heap   total 58368K, used 32580K [0x00000000a1000000, 0x0000000100000000)
  region size 1024K, 15 young (15360K), 2 survivors (2048K)
 Metaspace       used 35645K, committed 36096K, reserved 1114112K
  class space    used 4719K, committed 4992K, reserved 1048576K
}
Event: 9.922 GC heap after
{Heap after GC invocations=10 (full 0):
 garbage-first heap   total 58368K, used 21736K [0x00000000a1000000, 0x0000000100000000)
  region size 1024K, 3 young (3072K), 3 survivors (3072K)
 Metaspace       used 35645K, committed 36096K, reserved 1114112K
  class space    used 4719K, committed 4992K, reserved 1048576K
}
Event: 10.948 GC heap before
{Heap before GC invocations=11 (full 0):
 garbage-first heap   total 58368K, used 42216K [0x00000000a1000000, 0x0000000100000000)
  region size 1024K, 24 young (24576K), 3 survivors (3072K)
 Metaspace       used 40718K, committed 41152K, reserved 1114112K
  class space    used 5473K, committed 5696K, reserved 1048576K
}
Event: 10.953 GC heap after
{Heap after GC invocations=12 (full 0):
 garbage-first heap   total 58368K, used 23332K [0x00000000a1000000, 0x0000000100000000)
  region size 1024K, 3 young (3072K), 3 survivors (3072K)
 Metaspace       used 40718K, committed 41152K, reserved 1114112K
  class space    used 5473K, committed 5696K, reserved 1048576K
}
Event: 10.987 GC heap before
{Heap before GC invocations=12 (full 0):
 garbage-first heap   total 58368K, used 24356K [0x00000000a1000000, 0x0000000100000000)
  region size 1024K, 4 young (4096K), 3 survivors (3072K)
 Metaspace       used 41014K, committed 41472K, reserved 1114112K
  class space    used 5514K, committed 5760K, reserved 1048576K
}
Event: 10.992 GC heap after
{Heap after GC invocations=13 (full 0):
 garbage-first heap   total 58368K, used 22757K [0x00000000a1000000, 0x0000000100000000)
  region size 1024K, 1 young (1024K), 1 survivors (1024K)
 Metaspace       used 41014K, committed 41472K, reserved 1114112K
  class space    used 5514K, committed 5760K, reserved 1048576K
}
Event: 12.070 GC heap before
{Heap before GC invocations=13 (full 0):
 garbage-first heap   total 58368K, used 44261K [0x00000000a1000000, 0x0000000100000000)
  region size 1024K, 22 young (22528K), 1 survivors (1024K)
 Metaspace       used 46438K, committed 46912K, reserved 1114112K
  class space    used 6231K, committed 6400K, reserved 1048576K
}
Event: 12.074 GC heap after
{Heap after GC invocations=14 (full 0):
 garbage-first heap   total 103424K, used 24528K [0x00000000a1000000, 0x0000000100000000)
  region size 1024K, 3 young (3072K), 3 survivors (3072K)
 Metaspace       used 46438K, committed 46912K, reserved 1114112K
  class space    used 6231K, committed 6400K, reserved 1048576K
}
Event: 13.676 GC heap before
{Heap before GC invocations=14 (full 0):
 garbage-first heap   total 103424K, used 73680K [0x00000000a1000000, 0x0000000100000000)
  region size 1024K, 52 young (53248K), 3 survivors (3072K)
 Metaspace       used 57826K, committed 58432K, reserved 1114112K
  class space    used 7971K, committed 8256K, reserved 1048576K
}
Event: 13.682 GC heap after
{Heap after GC invocations=15 (full 0):
 garbage-first heap   total 103424K, used 26396K [0x00000000a1000000, 0x0000000100000000)
  region size 1024K, 4 young (4096K), 4 survivors (4096K)
 Metaspace       used 57826K, committed 58432K, reserved 1114112K
  class space    used 7971K, committed 8256K, reserved 1048576K
}
Event: 14.347 GC heap before
{Heap before GC invocations=15 (full 0):
 garbage-first heap   total 103424K, used 38684K [0x00000000a1000000, 0x0000000100000000)
  region size 1024K, 17 young (17408K), 4 survivors (4096K)
 Metaspace       used 60002K, committed 60608K, reserved 1114112K
  class space    used 8212K, committed 8512K, reserved 1048576K
}
Event: 14.355 GC heap after
{Heap after GC invocations=16 (full 0):
 garbage-first heap   total 103424K, used 27827K [0x00000000a1000000, 0x0000000100000000)
  region size 1024K, 4 young (4096K), 4 survivors (4096K)
 Metaspace       used 60002K, committed 60608K, reserved 1114112K
  class space    used 8212K, committed 8512K, reserved 1048576K
}
Event: 15.704 GC heap before
{Heap before GC invocations=17 (full 0):
 garbage-first heap   total 102400K, used 79027K [0x00000000a1000000, 0x0000000100000000)
  region size 1024K, 55 young (56320K), 4 survivors (4096K)
 Metaspace       used 66418K, committed 67008K, reserved 1114112K
  class space    used 9436K, committed 9728K, reserved 1048576K
}
Event: 15.718 GC heap after
{Heap after GC invocations=18 (full 0):
 garbage-first heap   total 102400K, used 31742K [0x00000000a1000000, 0x0000000100000000)
  region size 1024K, 7 young (7168K), 7 survivors (7168K)
 Metaspace       used 66418K, committed 67008K, reserved 1114112K
  class space    used 9436K, committed 9728K, reserved 1048576K
}
Event: 16.557 GC heap before
{Heap before GC invocations=19 (full 0):
 garbage-first heap   total 102400K, used 78846K [0x00000000a1000000, 0x0000000100000000)
  region size 1024K, 53 young (54272K), 7 survivors (7168K)
 Metaspace       used 68382K, committed 68928K, reserved 1114112K
  class space    used 9670K, committed 9920K, reserved 1048576K
}
Event: 16.570 GC heap after
{Heap after GC invocations=20 (full 0):
 garbage-first heap   total 102400K, used 33955K [0x00000000a1000000, 0x0000000100000000)
  region size 1024K, 3 young (3072K), 3 survivors (3072K)
 Metaspace       used 68382K, committed 68928K, reserved 1114112K
  class space    used 9670K, committed 9920K, reserved 1048576K
}
Event: 18.220 GC heap before
{Heap before GC invocations=20 (full 0):
 garbage-first heap   total 102400K, used 80035K [0x00000000a1000000, 0x0000000100000000)
  region size 1024K, 48 young (49152K), 3 survivors (3072K)
 Metaspace       used 73603K, committed 74240K, reserved 1114112K
  class space    used 10416K, committed 10752K, reserved 1048576K
}
Event: 18.231 GC heap after
{Heap after GC invocations=21 (full 0):
 garbage-first heap   total 102400K, used 38794K [0x00000000a1000000, 0x0000000100000000)
  region size 1024K, 6 young (6144K), 6 survivors (6144K)
 Metaspace       used 73603K, committed 74240K, reserved 1114112K
  class space    used 10416K, committed 10752K, reserved 1048576K
}

Dll operation events (13 events):
Event: 0.023 Loaded shared library C:\Users\nesta\.jdks\corretto-17.0.9\bin\java.dll
Event: 0.072 Loaded shared library C:\Users\nesta\.jdks\corretto-17.0.9\bin\jsvml.dll
Event: 0.265 Loaded shared library C:\Users\nesta\.jdks\corretto-17.0.9\bin\zip.dll
Event: 0.268 Loaded shared library C:\Users\nesta\.jdks\corretto-17.0.9\bin\instrument.dll
Event: 0.281 Loaded shared library C:\Users\nesta\.jdks\corretto-17.0.9\bin\net.dll
Event: 0.284 Loaded shared library C:\Users\nesta\.jdks\corretto-17.0.9\bin\nio.dll
Event: 0.288 Loaded shared library C:\Users\nesta\.jdks\corretto-17.0.9\bin\zip.dll
Event: 1.348 Loaded shared library C:\Users\nesta\.jdks\corretto-17.0.9\bin\jimage.dll
Event: 1.548 Loaded shared library C:\Program Files\JetBrains\IntelliJ IDEA Community Edition 2023.2.5\bin\breakgen64.dll
Event: 4.841 Loaded shared library C:\Users\nesta\.jdks\corretto-17.0.9\bin\sunmscapi.dll
Event: 8.625 Loaded shared library C:\Users\nesta\.jdks\corretto-17.0.9\bin\management.dll
Event: 8.627 Loaded shared library C:\Users\nesta\.jdks\corretto-17.0.9\bin\management_ext.dll
Event: 10.180 Loaded shared library C:\Users\nesta\.jdks\corretto-17.0.9\bin\verify.dll

Deoptimization events (20 events):
Event: 18.020 Thread 0x00000145ccedd210 Uncommon trap: trap_request=0xffffff45 fr.pc=0x00000145dde1e138 relative=0x00000000000001f8
Event: 18.020 Thread 0x00000145ccedd210 Uncommon trap: reason=unstable_if action=reinterpret pc=0x00000145dde1e138 method=org.springframework.beans.factory.support.AbstractAutowireCapableBeanFactory.determineTargetType(Ljava/lang/String;Lorg/springframework/beans/factory/support/RootBeanDefinit
Event: 18.020 Thread 0x00000145ccedd210 DEOPT PACKING pc=0x00000145dde1e138 sp=0x000000329f8fdcc0
Event: 18.020 Thread 0x00000145ccedd210 DEOPT UNPACKING pc=0x00000145dd7469a3 sp=0x000000329f8fdc98 mode 2
Event: 18.032 Thread 0x00000145ccedd210 Uncommon trap: trap_request=0xffffff45 fr.pc=0x00000145ddc9a2b0 relative=0x00000000000001b0
Event: 18.032 Thread 0x00000145ccedd210 Uncommon trap: reason=unstable_if action=reinterpret pc=0x00000145ddc9a2b0 method=java.lang.String.isLatin1()Z @ 10 c2
Event: 18.032 Thread 0x00000145ccedd210 DEOPT PACKING pc=0x00000145ddc9a2b0 sp=0x000000329f8fc900
Event: 18.032 Thread 0x00000145ccedd210 DEOPT UNPACKING pc=0x00000145dd7469a3 sp=0x000000329f8fc830 mode 2
Event: 18.085 Thread 0x00000145ccedd210 Uncommon trap: trap_request=0xffffff45 fr.pc=0x00000145de00f3b4 relative=0x0000000000004174
Event: 18.085 Thread 0x00000145ccedd210 Uncommon trap: reason=unstable_if action=reinterpret pc=0x00000145de00f3b4 method=org.springframework.core.annotation.AnnotationsScanner.processClassInheritedAnnotations(Ljava/lang/Object;Ljava/lang/Class;Lorg/springframework/core/annotation/AnnotationsPr
Event: 18.085 Thread 0x00000145ccedd210 DEOPT PACKING pc=0x00000145de00f3b4 sp=0x000000329f8fec80
Event: 18.085 Thread 0x00000145ccedd210 DEOPT UNPACKING pc=0x00000145dd7469a3 sp=0x000000329f8feb70 mode 2
Event: 18.356 Thread 0x00000145f269e1e0 Uncommon trap: trap_request=0xffffff45 fr.pc=0x00000145ddd64848 relative=0x00000000000001a8
Event: 18.356 Thread 0x00000145f269e1e0 Uncommon trap: reason=unstable_if action=reinterpret pc=0x00000145ddd64848 method=java.util.StringTokenizer.skipDelimiters(I)I @ 21 c2
Event: 18.356 Thread 0x00000145f269e1e0 DEOPT PACKING pc=0x00000145ddd64848 sp=0x00000032a22fc0b0
Event: 18.356 Thread 0x00000145f269e1e0 DEOPT UNPACKING pc=0x00000145dd7469a3 sp=0x00000032a22fc040 mode 2
Event: 18.356 Thread 0x00000145f269e1e0 Uncommon trap: trap_request=0xffffff45 fr.pc=0x00000145ddd6109c relative=0x00000000000001fc
Event: 18.356 Thread 0x00000145f269e1e0 Uncommon trap: reason=unstable_if action=reinterpret pc=0x00000145ddd6109c method=java.util.StringTokenizer.scanToken(I)I @ 96 c2
Event: 18.356 Thread 0x00000145f269e1e0 DEOPT PACKING pc=0x00000145ddd6109c sp=0x00000032a22fc0a0
Event: 18.356 Thread 0x00000145f269e1e0 DEOPT UNPACKING pc=0x00000145dd7469a3 sp=0x00000032a22fc030 mode 2

Classes unloaded (0 events):
No events

Classes redefined (0 events):
No events

Internal exceptions (20 events):
Event: 16.053 Thread 0x00000145ccedd210 Exception <a 'java/lang/reflect/InvocationTargetException'{0x00000000a5c20648}> (0x00000000a5c20648) 
thrown [s\src\hotspot\share\runtime\reflection.cpp, line 1121]
Event: 16.057 Thread 0x00000145ccedd210 Exception <a 'java/lang/reflect/InvocationTargetException'{0x00000000a5c2fb00}> (0x00000000a5c2fb00) 
thrown [s\src\hotspot\share\runtime\reflection.cpp, line 1121]
Event: 16.132 Thread 0x00000145ccedd210 Exception <a 'java/lang/reflect/InvocationTargetException'{0x00000000a5a9c028}> (0x00000000a5a9c028) 
thrown [s\src\hotspot\share\runtime\reflection.cpp, line 1121]
Event: 16.157 Thread 0x00000145ccedd210 Exception <a 'java/lang/reflect/InvocationTargetException'{0x00000000a59e4018}> (0x00000000a59e4018) 
thrown [s\src\hotspot\share\runtime\reflection.cpp, line 1121]
Event: 16.160 Thread 0x00000145ccedd210 Exception <a 'java/lang/reflect/InvocationTargetException'{0x00000000a59ef020}> (0x00000000a59ef020) 
thrown [s\src\hotspot\share\runtime\reflection.cpp, line 1121]
Event: 16.194 Thread 0x00000145ccedd210 Exception <a 'java/lang/reflect/InvocationTargetException'{0x00000000a574f858}> (0x00000000a574f858) 
thrown [s\src\hotspot\share\runtime\reflection.cpp, line 1121]
Event: 16.208 Thread 0x00000145ccedd210 Exception <a 'java/lang/reflect/InvocationTargetException'{0x00000000a5766cf8}> (0x00000000a5766cf8) 
thrown [s\src\hotspot\share\runtime\reflection.cpp, line 1121]
Event: 16.550 Thread 0x00000145ccedd210 Exception <a 'java/io/FileNotFoundException'{0x00000000a46bece0}> (0x00000000a46bece0) 
thrown [s\src\hotspot\share\prims\jni.cpp, line 516]
Event: 16.551 Thread 0x00000145ccedd210 Exception <a 'java/io/FileNotFoundException'{0x00000000a46c9b48}> (0x00000000a46c9b48) 
thrown [s\src\hotspot\share\prims\jni.cpp, line 516]
Event: 16.623 Thread 0x00000145ccedd210 Exception <a 'java/lang/reflect/InvocationTargetException'{0x00000000a73aa780}> (0x00000000a73aa780) 
thrown [s\src\hotspot\share\runtime\reflection.cpp, line 1121]
Event: 17.153 Thread 0x00000145ccedd210 Exception <a 'java/lang/NoSuchMethodError'{0x00000000a657dc58}: 'java.lang.Object java.lang.invoke.DirectMethodHandle$Holder.invokeInterface(java.lang.Object, java.lang.Object, java.lang.Object, java.lang.Object)'> (0x00000000a657dc58) 
thrown [s\src\hotspot\share\interpreter\linkResolver.cpp, line 759]
Event: 17.523 Thread 0x00000145ccedd210 Exception <a 'sun/nio/fs/WindowsException'{0x00000000a5d182a8}> (0x00000000a5d182a8) 
thrown [s\src\hotspot\share\prims\jni.cpp, line 516]
Event: 17.616 Thread 0x00000145ccedd210 Exception <a 'java/lang/IncompatibleClassChangeError'{0x00000000a5a06488}: Found class java.lang.Object, but interface was expected> (0x00000000a5a06488) 
thrown [s\src\hotspot\share\interpreter\linkResolver.cpp, line 826]
Event: 17.697 Thread 0x00000145ccedd210 Exception <a 'java/lang/NoSuchMethodError'{0x00000000a581b120}: 'void java.lang.invoke.DirectMethodHandle$Holder.invokeVirtual(java.lang.Object, java.lang.Object, long)'> (0x00000000a581b120) 
thrown [s\src\hotspot\share\interpreter\linkResolver.cpp, line 759]
Event: 17.783 Thread 0x00000145ccedd210 Exception <a 'java/lang/NoSuchMethodError'{0x00000000a56b2130}: 'int java.lang.invoke.DirectMethodHandle$Holder.invokeStaticInit(java.lang.Object, java.lang.Object, java.lang.Object, java.lang.Object)'> (0x00000000a56b2130) 
thrown [s\src\hotspot\share\interpreter\linkResolver.cpp, line 759]
Event: 17.837 Thread 0x00000145ccedd210 Exception <a 'java/lang/NoSuchMethodError'{0x00000000a5427e18}: 'java.lang.Object java.lang.invoke.Invokers$Holder.invoke_MT(java.lang.Object, java.lang.Object, java.lang.Object, java.lang.Object, java.lang.Object, java.lang.Object, java.lang.Object, java.lang.Object, java.lang.Object)'> (0x00000000a5427e18) 
thrown [s\src\hotspot\share\interpreter\linkResolver.cpp, line 759]
Event: 17.871 Thread 0x00000145ccedd210 Exception <a 'java/lang/IncompatibleClassChangeError'{0x00000000a54eb198}: Found class java.lang.Object, but interface was expected> (0x00000000a54eb198) 
thrown [s\src\hotspot\share\interpreter\linkResolver.cpp, line 826]
Event: 17.935 Thread 0x00000145ccedd210 Exception <a 'java/lang/NoSuchMethodError'{0x00000000a5267160}: 'java.lang.Object java.lang.invoke.DirectMethodHandle$Holder.invokeSpecial(java.lang.Object, java.lang.Object, java.lang.Object, java.lang.Object, java.lang.Object, java.lang.Object, java.lang.Object, java.lang.Object, java.lang.Object, java.lang.Object, java.lang.Object)'> (0x00000000a5267160) 
thrown [s\src\hotspot\share\interpreter\linkResolver.cpp, line 759]
Event: 17.935 Thread 0x00000145ccedd210 Exception <a 'java/lang/NoSuchMethodError'{0x00000000a526b548}: 'java.lang.Object java.lang.invoke.Invokers$Holder.invoke_MT(java.lang.Object, java.lang.Object, java.lang.Object, java.lang.Object, java.lang.Object, java.lang.Object, java.lang.Object, java.lang.Object, java.lang.Object, java.lang.Object, java.lang.Object)'> (0x00000000a526b548) 
thrown [s\src\hotspot\share\interpreter\linkResolver.cpp, line 759]
Event: 18.106 Thread 0x00000145ccedd210 Exception <a 'java/lang/NoSuchMethodError'{0x00000000a4d6d718}: 'java.lang.Object java.lang.invoke.DirectMethodHandle$Holder.newInvokeSpecial(java.lang.Object, java.lang.Object, int, java.lang.Object, java.lang.Object)'> (0x00000000a4d6d718) 
thrown [s\src\hotspot\share\interpreter\linkResolver.cpp, line 759]

VM Operations (20 events):
Event: 16.512 Executing VM operation: ICBufferFull
Event: 16.512 Executing VM operation: ICBufferFull done
Event: 16.557 Executing VM operation: G1CollectForAllocation
Event: 16.570 Executing VM operation: G1CollectForAllocation done
Event: 17.340 Executing VM operation: HandshakeAllThreads
Event: 17.340 Executing VM operation: HandshakeAllThreads done
Event: 17.357 Executing VM operation: HandshakeAllThreads
Event: 17.357 Executing VM operation: HandshakeAllThreads done
Event: 17.392 Executing VM operation: HandshakeAllThreads
Event: 17.392 Executing VM operation: HandshakeAllThreads done
Event: 17.393 Executing VM operation: HandshakeAllThreads
Event: 17.393 Executing VM operation: HandshakeAllThreads done
Event: 17.477 Executing VM operation: ICBufferFull
Event: 17.477 Executing VM operation: ICBufferFull done
Event: 17.738 Executing VM operation: HandshakeAllThreads
Event: 17.738 Executing VM operation: HandshakeAllThreads done
Event: 18.220 Executing VM operation: G1CollectForAllocation
Event: 18.231 Executing VM operation: G1CollectForAllocation done
Event: 18.356 Executing VM operation: HandshakeAllThreads
Event: 18.356 Executing VM operation: HandshakeAllThreads done

Events (20 events):
Event: 18.154 loading class java/util/TreeMap$TreeMapSpliterator
Event: 18.154 loading class java/util/TreeMap$TreeMapSpliterator done
Event: 18.154 loading class java/util/TreeMap$ValueSpliterator done
Event: 18.158 loading class java/nio/channels/spi/AbstractSelector$1
Event: 18.158 loading class java/nio/channels/spi/AbstractSelector$1 done
Event: 18.180 loading class java/time/LocalDateTime$1
Event: 18.180 loading class java/time/LocalDateTime$1 done
Event: 18.180 loading class java/time/Instant$1
Event: 18.180 loading class java/time/Instant$1 done
Event: 18.181 Thread 0x00000145f269e1e0 Thread added: 0x00000145f269e1e0
Event: 18.190 loading class java/util/IdentityHashMap$KeySpliterator
Event: 18.190 loading class java/util/IdentityHashMap$IdentityHashMapSpliterator
Event: 18.190 loading class java/util/IdentityHashMap$IdentityHashMapSpliterator done
Event: 18.190 loading class java/util/IdentityHashMap$KeySpliterator done
Event: 18.193 Thread 0x00000145ccedd210 Thread exited: 0x00000145ccedd210
Event: 18.193 Thread 0x00000145f269d7c0 Thread added: 0x00000145f269d7c0
Event: 18.320 loading class java/util/AbstractMap$SimpleEntry
Event: 18.320 loading class java/util/AbstractMap$SimpleEntry done
Event: 18.357 Thread 0x00000145eb65a890 flushing nmethod 0x00000145dde61b10
Event: 18.368 Thread 0x00000145eb65a890 flushing nmethod 0x00000145d6ab5390


Dynamic libraries:
0x00007ff600240000 - 0x00007ff60024e000 	C:\Users\nesta\.jdks\corretto-17.0.9\bin\java.exe
0x00007ffa222b0000 - 0x00007ffa224a8000 	C:\Windows\SYSTEM32\ntdll.dll
0x00007ffa21770000 - 0x00007ffa21832000 	C:\Windows\System32\KERNEL32.DLL
0x00007ffa1fbc0000 - 0x00007ffa1febf000 	C:\Windows\System32\KERNELBASE.dll
0x00007ffa20020000 - 0x00007ffa20120000 	C:\Windows\System32\ucrtbase.dll
0x00007ffa154d0000 - 0x00007ffa154e7000 	C:\Users\nesta\.jdks\corretto-17.0.9\bin\jli.dll
0x00007ffa15410000 - 0x00007ffa1542b000 	C:\Users\nesta\.jdks\corretto-17.0.9\bin\VCRUNTIME140.dll
0x00007ffa205b0000 - 0x00007ffa2074d000 	C:\Windows\System32\USER32.dll
0x00007ffa0d4f0000 - 0x00007ffa0d78a000 	C:\Windows\WinSxS\amd64_microsoft.windows.common-controls_6595b64144ccf1df_6.0.19041.4355_none_60b8b9eb71f62e16\COMCTL32.dll
0x00007ffa1fa90000 - 0x00007ffa1fab2000 	C:\Windows\System32\win32u.dll
0x00007ffa221d0000 - 0x00007ffa2226e000 	C:\Windows\System32\msvcrt.dll
0x00007ffa202c0000 - 0x00007ffa202eb000 	C:\Windows\System32\GDI32.dll
0x00007ffa20150000 - 0x00007ffa20267000 	C:\Windows\System32\gdi32full.dll
0x00007ffa1f940000 - 0x00007ffa1f9dd000 	C:\Windows\System32\msvcp_win.dll
0x00007ffa21be0000 - 0x00007ffa21c0f000 	C:\Windows\System32\IMM32.DLL
0x00007ffa19460000 - 0x00007ffa1946c000 	C:\Users\nesta\.jdks\corretto-17.0.9\bin\vcruntime140_1.dll
0x00007ffa0bf30000 - 0x00007ffa0bfbd000 	C:\Users\nesta\.jdks\corretto-17.0.9\bin\msvcp140.dll
0x00007ffa0a900000 - 0x00007ffa0b561000 	C:\Users\nesta\.jdks\corretto-17.0.9\bin\server\jvm.dll
0x00007ffa20e90000 - 0x00007ffa20f41000 	C:\Windows\System32\ADVAPI32.dll
0x00007ffa20430000 - 0x00007ffa204cf000 	C:\Windows\System32\sechost.dll
0x00007ffa20d60000 - 0x00007ffa20e83000 	C:\Windows\System32\RPCRT4.dll
0x00007ffa20120000 - 0x00007ffa20147000 	C:\Windows\System32\bcrypt.dll
0x00007ffa1f680000 - 0x00007ffa1f6cb000 	C:\Windows\SYSTEM32\POWRPROF.dll
0x00007ff9feca0000 - 0x00007ff9feca9000 	C:\Windows\SYSTEM32\WSOCK32.dll
0x00007ffa204d0000 - 0x00007ffa2053b000 	C:\Windows\System32\WS2_32.dll
0x00007ffa0b570000 - 0x00007ffa0b597000 	C:\Windows\SYSTEM32\WINMM.dll
0x00007ffa19cf0000 - 0x00007ffa19cfa000 	C:\Windows\SYSTEM32\VERSION.dll
0x00007ffa1f4b0000 - 0x00007ffa1f4c2000 	C:\Windows\SYSTEM32\UMPDC.dll
0x00007ffa1d6e0000 - 0x00007ffa1d6f2000 	C:\Windows\SYSTEM32\kernel.appcore.dll
0x00007ffa191a0000 - 0x00007ffa191aa000 	C:\Users\nesta\.jdks\corretto-17.0.9\bin\jimage.dll
0x00007ff9fc070000 - 0x00007ff9fc254000 	C:\Windows\SYSTEM32\DBGHELP.DLL
0x00007ff9fbfe0000 - 0x00007ff9fc014000 	C:\Windows\SYSTEM32\dbgcore.DLL
0x00007ffa1fac0000 - 0x00007ffa1fb42000 	C:\Windows\System32\bcryptPrimitives.dll
0x00007ffa16cc0000 - 0x00007ffa16cce000 	C:\Users\nesta\.jdks\corretto-17.0.9\bin\instrument.dll
0x00007ffa0bf00000 - 0x00007ffa0bf25000 	C:\Users\nesta\.jdks\corretto-17.0.9\bin\java.dll
0x00007ffa0be20000 - 0x00007ffa0bef7000 	C:\Users\nesta\.jdks\corretto-17.0.9\bin\jsvml.dll
0x00007ffa20f50000 - 0x00007ffa216be000 	C:\Windows\System32\SHELL32.dll
0x00007ffa1d9c0000 - 0x00007ffa1e164000 	C:\Windows\SYSTEM32\windows.storage.dll
0x00007ffa21d80000 - 0x00007ffa220d5000 	C:\Windows\System32\combase.dll
0x00007ffa1f2a0000 - 0x00007ffa1f2cf000 	C:\Windows\SYSTEM32\Wldp.dll
0x00007ffa220e0000 - 0x00007ffa221ad000 	C:\Windows\System32\OLEAUT32.dll
0x00007ffa216c0000 - 0x00007ffa2176d000 	C:\Windows\System32\SHCORE.dll
0x00007ffa20550000 - 0x00007ffa205a5000 	C:\Windows\System32\shlwapi.dll
0x00007ffa1f870000 - 0x00007ffa1f894000 	C:\Windows\SYSTEM32\profapi.dll
0x00007ffa0bdc0000 - 0x00007ffa0bdd8000 	C:\Users\nesta\.jdks\corretto-17.0.9\bin\zip.dll
0x00007ffa0be00000 - 0x00007ffa0be19000 	C:\Users\nesta\.jdks\corretto-17.0.9\bin\net.dll
0x00007ffa16e40000 - 0x00007ffa16f4d000 	C:\Windows\SYSTEM32\WINHTTP.dll
0x00007ffa1f000000 - 0x00007ffa1f06a000 	C:\Windows\system32\mswsock.dll
0x00007ffa0bde0000 - 0x00007ffa0bdf6000 	C:\Users\nesta\.jdks\corretto-17.0.9\bin\nio.dll
0x00007ffa0bda0000 - 0x00007ffa0bdba000 	C:\Program Files\JetBrains\IntelliJ IDEA Community Edition 2023.2.5\bin\breakgen64.dll
0x00007ffa0cd40000 - 0x00007ffa0cd4e000 	C:\Users\nesta\.jdks\corretto-17.0.9\bin\sunmscapi.dll
0x00007ffa1fec0000 - 0x00007ffa2001c000 	C:\Windows\System32\CRYPT32.dll
0x00007ffa1f370000 - 0x00007ffa1f397000 	C:\Windows\SYSTEM32\ncrypt.dll
0x00007ffa1f2d0000 - 0x00007ffa1f30b000 	C:\Windows\SYSTEM32\NTASN1.dll
0x00007ffa1f200000 - 0x00007ffa1f218000 	C:\Windows\SYSTEM32\CRYPTSP.dll
0x00007ffa1e920000 - 0x00007ffa1e954000 	C:\Windows\system32\rsaenh.dll
0x00007ffa1f830000 - 0x00007ffa1f85e000 	C:\Windows\SYSTEM32\USERENV.dll
0x00007ffa1f1f0000 - 0x00007ffa1f1fc000 	C:\Windows\SYSTEM32\CRYPTBASE.dll
0x00007ffa1ece0000 - 0x00007ffa1ed1b000 	C:\Windows\SYSTEM32\IPHLPAPI.DLL
0x00007ffa20d50000 - 0x00007ffa20d58000 	C:\Windows\System32\NSI.dll
0x00007ffa17fc0000 - 0x00007ffa17fd7000 	C:\Windows\SYSTEM32\dhcpcsvc6.DLL
0x00007ffa17e30000 - 0x00007ffa17e4d000 	C:\Windows\SYSTEM32\dhcpcsvc.DLL
0x00007ffa1ed20000 - 0x00007ffa1edea000 	C:\Windows\SYSTEM32\DNSAPI.dll
0x00007ffa12d80000 - 0x00007ffa12d89000 	C:\Users\nesta\.jdks\corretto-17.0.9\bin\management.dll
0x00007ffa11940000 - 0x00007ffa1194b000 	C:\Users\nesta\.jdks\corretto-17.0.9\bin\management_ext.dll
0x00007ffa219f0000 - 0x00007ffa219f8000 	C:\Windows\System32\PSAPI.DLL
0x00007ffa153a0000 - 0x00007ffa153b0000 	C:\Users\nesta\.jdks\corretto-17.0.9\bin\verify.dll
0x00007ffa16940000 - 0x00007ffa1694a000 	C:\Windows\System32\rasadhlp.dll
0x00007ffa13510000 - 0x00007ffa13590000 	C:\Windows\System32\fwpuclnt.dll
0x00007ff9dcca0000 - 0x00007ff9dcca7000 	C:\Windows\system32\wshunix.dll

dbghelp: loaded successfully - version: 4.0.5 - missing functions: none
symbol engine: initialized successfully - sym options: 0x614 - pdb path: .;C:\Users\nesta\.jdks\corretto-17.0.9\bin;C:\Windows\SYSTEM32;C:\Windows\WinSxS\amd64_microsoft.windows.common-controls_6595b64144ccf1df_6.0.19041.4355_none_60b8b9eb71f62e16;C:\Users\nesta\.jdks\corretto-17.0.9\bin\server;C:\Program Files\JetBrains\IntelliJ IDEA Community Edition 2023.2.5\bin

VM Arguments:
jvm_args: -javaagent:C:\Program Files\JetBrains\IntelliJ IDEA Community Edition 2023.2.5\lib\idea_rt.jar=61376:C:\Program Files\JetBrains\IntelliJ IDEA Community Edition 2023.2.5\bin -Dfile.encoding=UTF-8 
java_command: stockService.stockservice.StockServiceApplication
java_class_path (initial): C:\Users\nesta\Desktop\stockService\target\classes;C:\Users\nesta\.m2\repository\org\springframework\boot\spring-boot-starter-security\3.4.2\spring-boot-starter-security-3.4.2.jar;C:\Users\nesta\.m2\repository\org\springframework\boot\spring-boot-starter\3.4.2\spring-boot-starter-3.4.2.jar;C:\Users\nesta\.m2\repository\org\springframework\boot\spring-boot\3.4.2\spring-boot-3.4.2.jar;C:\Users\nesta\.m2\repository\org\springframework\boot\spring-boot-autoconfigure\3.4.2\spring-boot-autoconfigure-3.4.2.jar;C:\Users\nesta\.m2\repository\org\springframework\boot\spring-boot-starter-logging\3.4.2\spring-boot-starter-logging-3.4.2.jar;C:\Users\nesta\.m2\repository\ch\qos\logback\logback-classic\1.5.16\logback-classic-1.5.16.jar;C:\Users\nesta\.m2\repository\ch\qos\logback\logback-core\1.5.16\logback-core-1.5.16.jar;C:\Users\nesta\.m2\repository\org\apache\logging\log4j\log4j-to-slf4j\2.24.3\log4j-to-slf4j-2.24.3.jar;C:\Users\nesta\.m2\repository\org\apache\logging\log4j\log4j-api\2.24.3\log4j-api-2.24.3.jar;C:\Users\nesta\.m2\repository\org\slf4j\jul-to-slf4j\2.0.16\jul-to-slf4j-2.0.16.jar;C:\Users\nesta\.m2\repository\jakarta\annotation\jakarta.annotation-api\2.1.1\jakarta.annotation-api-2.1.1.jar;C:\Users\nesta\.m2\repository\org\yaml\snakeyaml\2.3\snakeyaml-2.3.jar;C:\Users\nesta\.m2\repository\org\springframework\spring-aop\6.2.2\spring-aop-6.2.2.jar;C:\Users\nesta\.m2\repository\org\springframework\spring-beans\6.2.2\spring-beans-6.2.2.jar;C:\Users\nesta\.m2\repository\org\springframework\security\spring-security-config\6.4.2\spring-security-config-6.4.2.jar;C:\Users\nesta\.m2\repository\org\springframework\spring-context\6.2.2\spring-context-6.2.2.jar;C:\Users\nesta\.m2\repository\org\springframework\security\spring-security-web\6.4.2\spring-security-web-6.4.2.jar;C:\Users\nesta\.m2\repository\org\springframework\spring-expression\6.2.2\spring-expression-6.2.2.jar;C:\Users\nesta\.m2\repository\org\springframework\boot\spring-boot-starter-
Launcher Type: SUN_STANDARD

[Global flags]
     intx CICompilerCount                          = 3                                         {product} {ergonomic}
     uint ConcGCThreads                            = 1                                         {product} {ergonomic}
     uint G1ConcRefinementThreads                  = 4                                         {product} {ergonomic}
   size_t G1HeapRegionSize                         = 1048576                                   {product} {ergonomic}
    uintx GCDrainStackTargetSize                   = 64                                        {product} {ergonomic}
   size_t InitialHeapSize                          = 100663296                                 {product} {ergonomic}
   size_t MarkStackSize                            = 4194304                                   {product} {ergonomic}
   size_t MaxHeapSize                              = 1593835520                                {product} {ergonomic}
   size_t MaxNewSize                               = 956301312                                 {product} {ergonomic}
   size_t MinHeapDeltaBytes                        = 1048576                                   {product} {ergonomic}
   size_t MinHeapSize                              = 8388608                                   {product} {ergonomic}
    uintx NonNMethodCodeHeapSize                   = 5832780                                {pd product} {ergonomic}
    uintx NonProfiledCodeHeapSize                  = 122912730                              {pd product} {ergonomic}
    uintx ProfiledCodeHeapSize                     = 122912730                              {pd product} {ergonomic}
    uintx ReservedCodeCacheSize                    = 251658240                              {pd product} {ergonomic}
     bool SegmentedCodeCache                       = true                                      {product} {ergonomic}
   size_t SoftMaxHeapSize                          = 1593835520                             {manageable} {ergonomic}
     bool UseCompressedClassPointers               = true                           {product lp64_product} {ergonomic}
     bool UseCompressedOops                        = true                           {product lp64_product} {ergonomic}
     bool UseG1GC                                  = true                                      {product} {ergonomic}
     bool UseLargePagesIndividualAllocation        = false                                  {pd product} {ergonomic}

Logging:
Log output configuration:
 #0: stdout all=warning uptime,level,tags
 #1: stderr all=off uptime,level,tags

Environment Variables:
PATH=C:\Python312\Scripts\;C:\Python312\;C:\Program Files (x86)\Common Files\Oracle\Java\javapath;C:\app\nesta\product\21c\dbhomeXE\bin;C:\Windows\system32;C:\Windows;C:\Windows\System32\Wbem;C:\Windows\System32\WindowsPowerShell\v1.0\;C:\Windows\System32\OpenSSH\;C:\ProgramData\chocolatey\bin;C:\Program Files\Microsoft SQL Server\120\Tools\Binn\;C:\Program Files\Microsoft SQL Server\Client SDK\ODBC\110\Tools\Binn\;C:\Program Files (x86)\Microsoft SQL Server\120\Tools\Binn\;C:\Program Files\Microsoft SQL Server\120\DTS\Binn\;C:\Program Files (x86)\Microsoft SQL Server\120\Tools\Binn\ManagementStudio\;C:\Program Files (x86)\Microsoft SQL Server\120\DTS\Binn\;C:\Program Files\Microsoft SQL Server\150\Tools\Binn\;C:\Program Files\Microsoft SQL Server\Client SDK\ODBC\170\Tools\Binn\;C:\Program Files\dotnet\;C:\Program Files\nodejs\;C:\Program Files\Git\cmd;C:\Users\nesta\AppData\Local\Programs\Python\Python311\Scripts\;C:\Users\nesta\AppData\Local\Programs\Python\Python311\;C:\Users\nesta\AppData\Local\Microsoft\WindowsApps;C:\Users\nesta\AppData\Local\Programs\Microsoft VS Code\bin;C:\Program Files\JetBrains\IntelliJ IDEA Community Edition 2023.2.5\bin;;C:\Program Files\JetBrains\IntelliJ IDEA 2023.2.5\bin;;C:\Users\nesta\.dotnet\tools;C:\Users\nesta\Documents\apache-maven-3.9.6\bin;C:\Users\nesta\AppData\Roaming\npm;C:\flutter\src\flutter\bin;
USERNAME=nesta
OS=Windows_NT
PROCESSOR_IDENTIFIER=Intel64 Family 6 Model 42 Stepping 7, GenuineIntel
TMP=C:\Users\nesta\AppData\Local\Temp
TEMP=C:\Users\nesta\AppData\Local\Temp



Periodic native trim disabled


---------------  S Y S T E M  ---------------

OS:
 Windows 10 , 64 bit Build 19041 (10.0.19041.5198)
OS uptime: 0 days 1:17 hours

CPU: total 4 (initial active 4) (2 cores per cpu, 2 threads per core) family 6 model 42 stepping 7 microcode 0x2f, cx8, cmov, fxsr, ht, mmx, sse, sse2, sse3, ssse3, sse4.1, sse4.2, popcnt, tsc, tscinvbit, avx, aes, clmul, vzeroupper, clflush
Processor Information for all 4 processors :
  Max Mhz: 2501, Current Mhz: 2501, Mhz Limit: 2501

Memory: 4k page, system-wide physical 6078M (754M free)
TotalPageFile size 10686M (AvailPageFile size 3142M)
current process WorkingSet (physical memory assigned to process): 302M, peak: 306M
current process commit charge ("private bytes"): 332M, peak: 336M

vm_info: OpenJDK 64-Bit Server VM (17.0.9+8-LTS) for windows-amd64 JRE (17.0.9+8-LTS), built on Oct 12 2023 16:15:33 by "Administrator" with MS VC++ 16.10 / 16.11 (VS2019)

END.
